<?xml version="1.0" encoding="UTF-8"?>
<testsuite xmlns:xsi="http://www.w3.org/2001/XMLSchema-instance" xsi:noNamespaceSchemaLocation="https://maven.apache.org/surefire/maven-surefire-plugin/xsd/surefire-test-report.xsd" name="com.ch03.v17034460224.CreateHDFSFileTest" time="0.104" tests="1" errors="0" skipped="0" failures="0">
  <properties>
    <property name="sun.desktop" value="windows"/>
    <property name="awt.toolkit" value="sun.awt.windows.WToolkit"/>
    <property name="file.encoding.pkg" value="sun.io"/>
    <property name="java.specification.version" value="1.8"/>
    <property name="sun.cpu.isalist" value="amd64"/>
    <property name="sun.jnu.encoding" value="GBK"/>
    <property name="java.class.path" value="E:\SoftWare\JetBrains\IntelliJ IDEA 2019.2.3\Projects\hdfs_api_lty\target\test-classes;E:\SoftWare\JetBrains\IntelliJ IDEA 2019.2.3\Projects\hdfs_api_lty\target\classes;D:\Java\apache-maven-3.6.2\repository\junit\junit\4.11\junit-4.11.jar;D:\Java\apache-maven-3.6.2\repository\org\hamcrest\hamcrest-core\1.3\hamcrest-core-1.3.jar;D:\Java\apache-maven-3.6.2\repository\org\apache\hadoop\hadoop-client\2.7.3\hadoop-client-2.7.3.jar;D:\Java\apache-maven-3.6.2\repository\org\apache\hadoop\hadoop-common\2.7.3\hadoop-common-2.7.3.jar;D:\Java\apache-maven-3.6.2\repository\com\google\guava\guava\11.0.2\guava-11.0.2.jar;D:\Java\apache-maven-3.6.2\repository\commons-cli\commons-cli\1.2\commons-cli-1.2.jar;D:\Java\apache-maven-3.6.2\repository\org\apache\commons\commons-math3\3.1.1\commons-math3-3.1.1.jar;D:\Java\apache-maven-3.6.2\repository\xmlenc\xmlenc\0.52\xmlenc-0.52.jar;D:\Java\apache-maven-3.6.2\repository\commons-httpclient\commons-httpclient\3.1\commons-httpclient-3.1.jar;D:\Java\apache-maven-3.6.2\repository\commons-codec\commons-codec\1.4\commons-codec-1.4.jar;D:\Java\apache-maven-3.6.2\repository\commons-io\commons-io\2.4\commons-io-2.4.jar;D:\Java\apache-maven-3.6.2\repository\commons-net\commons-net\3.1\commons-net-3.1.jar;D:\Java\apache-maven-3.6.2\repository\commons-collections\commons-collections\3.2.2\commons-collections-3.2.2.jar;D:\Java\apache-maven-3.6.2\repository\javax\servlet\jsp\jsp-api\2.1\jsp-api-2.1.jar;D:\Java\apache-maven-3.6.2\repository\commons-logging\commons-logging\1.1.3\commons-logging-1.1.3.jar;D:\Java\apache-maven-3.6.2\repository\log4j\log4j\1.2.17\log4j-1.2.17.jar;D:\Java\apache-maven-3.6.2\repository\commons-lang\commons-lang\2.6\commons-lang-2.6.jar;D:\Java\apache-maven-3.6.2\repository\commons-configuration\commons-configuration\1.6\commons-configuration-1.6.jar;D:\Java\apache-maven-3.6.2\repository\commons-digester\commons-digester\1.8\commons-digester-1.8.jar;D:\Java\apache-maven-3.6.2\repository\commons-beanutils\commons-beanutils\1.7.0\commons-beanutils-1.7.0.jar;D:\Java\apache-maven-3.6.2\repository\commons-beanutils\commons-beanutils-core\1.8.0\commons-beanutils-core-1.8.0.jar;D:\Java\apache-maven-3.6.2\repository\org\slf4j\slf4j-api\1.7.10\slf4j-api-1.7.10.jar;D:\Java\apache-maven-3.6.2\repository\org\slf4j\slf4j-log4j12\1.7.10\slf4j-log4j12-1.7.10.jar;D:\Java\apache-maven-3.6.2\repository\org\codehaus\jackson\jackson-core-asl\1.9.13\jackson-core-asl-1.9.13.jar;D:\Java\apache-maven-3.6.2\repository\org\codehaus\jackson\jackson-mapper-asl\1.9.13\jackson-mapper-asl-1.9.13.jar;D:\Java\apache-maven-3.6.2\repository\org\apache\avro\avro\1.7.4\avro-1.7.4.jar;D:\Java\apache-maven-3.6.2\repository\com\thoughtworks\paranamer\paranamer\2.3\paranamer-2.3.jar;D:\Java\apache-maven-3.6.2\repository\org\xerial\snappy\snappy-java\1.0.4.1\snappy-java-1.0.4.1.jar;D:\Java\apache-maven-3.6.2\repository\com\google\protobuf\protobuf-java\2.5.0\protobuf-java-2.5.0.jar;D:\Java\apache-maven-3.6.2\repository\com\google\code\gson\gson\2.2.4\gson-2.2.4.jar;D:\Java\apache-maven-3.6.2\repository\org\apache\hadoop\hadoop-auth\2.7.3\hadoop-auth-2.7.3.jar;D:\Java\apache-maven-3.6.2\repository\org\apache\httpcomponents\httpclient\4.2.5\httpclient-4.2.5.jar;D:\Java\apache-maven-3.6.2\repository\org\apache\httpcomponents\httpcore\4.2.4\httpcore-4.2.4.jar;D:\Java\apache-maven-3.6.2\repository\org\apache\directory\server\apacheds-kerberos-codec\2.0.0-M15\apacheds-kerberos-codec-2.0.0-M15.jar;D:\Java\apache-maven-3.6.2\repository\org\apache\directory\server\apacheds-i18n\2.0.0-M15\apacheds-i18n-2.0.0-M15.jar;D:\Java\apache-maven-3.6.2\repository\org\apache\directory\api\api-asn1-api\1.0.0-M20\api-asn1-api-1.0.0-M20.jar;D:\Java\apache-maven-3.6.2\repository\org\apache\directory\api\api-util\1.0.0-M20\api-util-1.0.0-M20.jar;D:\Java\apache-maven-3.6.2\repository\org\apache\curator\curator-framework\2.7.1\curator-framework-2.7.1.jar;D:\Java\apache-maven-3.6.2\repository\org\apache\curator\curator-client\2.7.1\curator-client-2.7.1.jar;D:\Java\apache-maven-3.6.2\repository\org\apache\curator\curator-recipes\2.7.1\curator-recipes-2.7.1.jar;D:\Java\apache-maven-3.6.2\repository\com\google\code\findbugs\jsr305\3.0.0\jsr305-3.0.0.jar;D:\Java\apache-maven-3.6.2\repository\org\apache\htrace\htrace-core\3.1.0-incubating\htrace-core-3.1.0-incubating.jar;D:\Java\apache-maven-3.6.2\repository\org\apache\zookeeper\zookeeper\3.4.6\zookeeper-3.4.6.jar;D:\Java\apache-maven-3.6.2\repository\org\apache\commons\commons-compress\1.4.1\commons-compress-1.4.1.jar;D:\Java\apache-maven-3.6.2\repository\org\tukaani\xz\1.0\xz-1.0.jar;D:\Java\apache-maven-3.6.2\repository\org\apache\hadoop\hadoop-hdfs\2.7.3\hadoop-hdfs-2.7.3.jar;D:\Java\apache-maven-3.6.2\repository\org\mortbay\jetty\jetty-util\6.1.26\jetty-util-6.1.26.jar;D:\Java\apache-maven-3.6.2\repository\io\netty\netty\3.6.2.Final\netty-3.6.2.Final.jar;D:\Java\apache-maven-3.6.2\repository\io\netty\netty-all\4.0.23.Final\netty-all-4.0.23.Final.jar;D:\Java\apache-maven-3.6.2\repository\xerces\xercesImpl\2.9.1\xercesImpl-2.9.1.jar;D:\Java\apache-maven-3.6.2\repository\xml-apis\xml-apis\1.3.04\xml-apis-1.3.04.jar;D:\Java\apache-maven-3.6.2\repository\org\fusesource\leveldbjni\leveldbjni-all\1.8\leveldbjni-all-1.8.jar;D:\Java\apache-maven-3.6.2\repository\org\apache\hadoop\hadoop-mapreduce-client-app\2.7.3\hadoop-mapreduce-client-app-2.7.3.jar;D:\Java\apache-maven-3.6.2\repository\org\apache\hadoop\hadoop-mapreduce-client-common\2.7.3\hadoop-mapreduce-client-common-2.7.3.jar;D:\Java\apache-maven-3.6.2\repository\org\apache\hadoop\hadoop-yarn-client\2.7.3\hadoop-yarn-client-2.7.3.jar;D:\Java\apache-maven-3.6.2\repository\org\apache\hadoop\hadoop-yarn-server-common\2.7.3\hadoop-yarn-server-common-2.7.3.jar;D:\Java\apache-maven-3.6.2\repository\org\apache\hadoop\hadoop-mapreduce-client-shuffle\2.7.3\hadoop-mapreduce-client-shuffle-2.7.3.jar;D:\Java\apache-maven-3.6.2\repository\org\apache\hadoop\hadoop-yarn-api\2.7.3\hadoop-yarn-api-2.7.3.jar;D:\Java\apache-maven-3.6.2\repository\org\apache\hadoop\hadoop-mapreduce-client-core\2.7.3\hadoop-mapreduce-client-core-2.7.3.jar;D:\Java\apache-maven-3.6.2\repository\org\apache\hadoop\hadoop-yarn-common\2.7.3\hadoop-yarn-common-2.7.3.jar;D:\Java\apache-maven-3.6.2\repository\javax\xml\bind\jaxb-api\2.2.2\jaxb-api-2.2.2.jar;D:\Java\apache-maven-3.6.2\repository\javax\xml\stream\stax-api\1.0-2\stax-api-1.0-2.jar;D:\Java\apache-maven-3.6.2\repository\javax\activation\activation\1.1\activation-1.1.jar;D:\Java\apache-maven-3.6.2\repository\javax\servlet\servlet-api\2.5\servlet-api-2.5.jar;D:\Java\apache-maven-3.6.2\repository\com\sun\jersey\jersey-core\1.9\jersey-core-1.9.jar;D:\Java\apache-maven-3.6.2\repository\com\sun\jersey\jersey-client\1.9\jersey-client-1.9.jar;D:\Java\apache-maven-3.6.2\repository\org\codehaus\jackson\jackson-jaxrs\1.9.13\jackson-jaxrs-1.9.13.jar;D:\Java\apache-maven-3.6.2\repository\org\codehaus\jackson\jackson-xc\1.9.13\jackson-xc-1.9.13.jar;D:\Java\apache-maven-3.6.2\repository\org\apache\hadoop\hadoop-mapreduce-client-jobclient\2.7.3\hadoop-mapreduce-client-jobclient-2.7.3.jar;D:\Java\apache-maven-3.6.2\repository\org\apache\hadoop\hadoop-annotations\2.7.3\hadoop-annotations-2.7.3.jar;"/>
    <property name="java.vm.vendor" value="Oracle Corporation"/>
    <property name="sun.arch.data.model" value="64"/>
    <property name="user.variant" value=""/>
    <property name="java.vendor.url" value="http://java.oracle.com/"/>
    <property name="user.timezone" value="Asia/Shanghai"/>
    <property name="java.vm.specification.version" value="1.8"/>
    <property name="os.name" value="Windows 10"/>
    <property name="user.country" value="CN"/>
    <property name="sun.java.launcher" value="SUN_STANDARD"/>
    <property name="sun.boot.library.path" value="D:\Java\jdk1.8.0_181\jre\bin"/>
    <property name="sun.java.command" value="C:\Users\sky\AppData\Local\Temp\surefire7552784225785818186\surefirebooter2810168619056100227.jar C:\Users\sky\AppData\Local\Temp\surefire7552784225785818186 2019-10-23T23-55-14_273-jvmRun1 surefire452365578842951165tmp surefire_06143639733586211071tmp"/>
    <property name="surefire.test.class.path" value="E:\SoftWare\JetBrains\IntelliJ IDEA 2019.2.3\Projects\hdfs_api_lty\target\test-classes;E:\SoftWare\JetBrains\IntelliJ IDEA 2019.2.3\Projects\hdfs_api_lty\target\classes;D:\Java\apache-maven-3.6.2\repository\junit\junit\4.11\junit-4.11.jar;D:\Java\apache-maven-3.6.2\repository\org\hamcrest\hamcrest-core\1.3\hamcrest-core-1.3.jar;D:\Java\apache-maven-3.6.2\repository\org\apache\hadoop\hadoop-client\2.7.3\hadoop-client-2.7.3.jar;D:\Java\apache-maven-3.6.2\repository\org\apache\hadoop\hadoop-common\2.7.3\hadoop-common-2.7.3.jar;D:\Java\apache-maven-3.6.2\repository\com\google\guava\guava\11.0.2\guava-11.0.2.jar;D:\Java\apache-maven-3.6.2\repository\commons-cli\commons-cli\1.2\commons-cli-1.2.jar;D:\Java\apache-maven-3.6.2\repository\org\apache\commons\commons-math3\3.1.1\commons-math3-3.1.1.jar;D:\Java\apache-maven-3.6.2\repository\xmlenc\xmlenc\0.52\xmlenc-0.52.jar;D:\Java\apache-maven-3.6.2\repository\commons-httpclient\commons-httpclient\3.1\commons-httpclient-3.1.jar;D:\Java\apache-maven-3.6.2\repository\commons-codec\commons-codec\1.4\commons-codec-1.4.jar;D:\Java\apache-maven-3.6.2\repository\commons-io\commons-io\2.4\commons-io-2.4.jar;D:\Java\apache-maven-3.6.2\repository\commons-net\commons-net\3.1\commons-net-3.1.jar;D:\Java\apache-maven-3.6.2\repository\commons-collections\commons-collections\3.2.2\commons-collections-3.2.2.jar;D:\Java\apache-maven-3.6.2\repository\javax\servlet\jsp\jsp-api\2.1\jsp-api-2.1.jar;D:\Java\apache-maven-3.6.2\repository\commons-logging\commons-logging\1.1.3\commons-logging-1.1.3.jar;D:\Java\apache-maven-3.6.2\repository\log4j\log4j\1.2.17\log4j-1.2.17.jar;D:\Java\apache-maven-3.6.2\repository\commons-lang\commons-lang\2.6\commons-lang-2.6.jar;D:\Java\apache-maven-3.6.2\repository\commons-configuration\commons-configuration\1.6\commons-configuration-1.6.jar;D:\Java\apache-maven-3.6.2\repository\commons-digester\commons-digester\1.8\commons-digester-1.8.jar;D:\Java\apache-maven-3.6.2\repository\commons-beanutils\commons-beanutils\1.7.0\commons-beanutils-1.7.0.jar;D:\Java\apache-maven-3.6.2\repository\commons-beanutils\commons-beanutils-core\1.8.0\commons-beanutils-core-1.8.0.jar;D:\Java\apache-maven-3.6.2\repository\org\slf4j\slf4j-api\1.7.10\slf4j-api-1.7.10.jar;D:\Java\apache-maven-3.6.2\repository\org\slf4j\slf4j-log4j12\1.7.10\slf4j-log4j12-1.7.10.jar;D:\Java\apache-maven-3.6.2\repository\org\codehaus\jackson\jackson-core-asl\1.9.13\jackson-core-asl-1.9.13.jar;D:\Java\apache-maven-3.6.2\repository\org\codehaus\jackson\jackson-mapper-asl\1.9.13\jackson-mapper-asl-1.9.13.jar;D:\Java\apache-maven-3.6.2\repository\org\apache\avro\avro\1.7.4\avro-1.7.4.jar;D:\Java\apache-maven-3.6.2\repository\com\thoughtworks\paranamer\paranamer\2.3\paranamer-2.3.jar;D:\Java\apache-maven-3.6.2\repository\org\xerial\snappy\snappy-java\1.0.4.1\snappy-java-1.0.4.1.jar;D:\Java\apache-maven-3.6.2\repository\com\google\protobuf\protobuf-java\2.5.0\protobuf-java-2.5.0.jar;D:\Java\apache-maven-3.6.2\repository\com\google\code\gson\gson\2.2.4\gson-2.2.4.jar;D:\Java\apache-maven-3.6.2\repository\org\apache\hadoop\hadoop-auth\2.7.3\hadoop-auth-2.7.3.jar;D:\Java\apache-maven-3.6.2\repository\org\apache\httpcomponents\httpclient\4.2.5\httpclient-4.2.5.jar;D:\Java\apache-maven-3.6.2\repository\org\apache\httpcomponents\httpcore\4.2.4\httpcore-4.2.4.jar;D:\Java\apache-maven-3.6.2\repository\org\apache\directory\server\apacheds-kerberos-codec\2.0.0-M15\apacheds-kerberos-codec-2.0.0-M15.jar;D:\Java\apache-maven-3.6.2\repository\org\apache\directory\server\apacheds-i18n\2.0.0-M15\apacheds-i18n-2.0.0-M15.jar;D:\Java\apache-maven-3.6.2\repository\org\apache\directory\api\api-asn1-api\1.0.0-M20\api-asn1-api-1.0.0-M20.jar;D:\Java\apache-maven-3.6.2\repository\org\apache\directory\api\api-util\1.0.0-M20\api-util-1.0.0-M20.jar;D:\Java\apache-maven-3.6.2\repository\org\apache\curator\curator-framework\2.7.1\curator-framework-2.7.1.jar;D:\Java\apache-maven-3.6.2\repository\org\apache\curator\curator-client\2.7.1\curator-client-2.7.1.jar;D:\Java\apache-maven-3.6.2\repository\org\apache\curator\curator-recipes\2.7.1\curator-recipes-2.7.1.jar;D:\Java\apache-maven-3.6.2\repository\com\google\code\findbugs\jsr305\3.0.0\jsr305-3.0.0.jar;D:\Java\apache-maven-3.6.2\repository\org\apache\htrace\htrace-core\3.1.0-incubating\htrace-core-3.1.0-incubating.jar;D:\Java\apache-maven-3.6.2\repository\org\apache\zookeeper\zookeeper\3.4.6\zookeeper-3.4.6.jar;D:\Java\apache-maven-3.6.2\repository\org\apache\commons\commons-compress\1.4.1\commons-compress-1.4.1.jar;D:\Java\apache-maven-3.6.2\repository\org\tukaani\xz\1.0\xz-1.0.jar;D:\Java\apache-maven-3.6.2\repository\org\apache\hadoop\hadoop-hdfs\2.7.3\hadoop-hdfs-2.7.3.jar;D:\Java\apache-maven-3.6.2\repository\org\mortbay\jetty\jetty-util\6.1.26\jetty-util-6.1.26.jar;D:\Java\apache-maven-3.6.2\repository\io\netty\netty\3.6.2.Final\netty-3.6.2.Final.jar;D:\Java\apache-maven-3.6.2\repository\io\netty\netty-all\4.0.23.Final\netty-all-4.0.23.Final.jar;D:\Java\apache-maven-3.6.2\repository\xerces\xercesImpl\2.9.1\xercesImpl-2.9.1.jar;D:\Java\apache-maven-3.6.2\repository\xml-apis\xml-apis\1.3.04\xml-apis-1.3.04.jar;D:\Java\apache-maven-3.6.2\repository\org\fusesource\leveldbjni\leveldbjni-all\1.8\leveldbjni-all-1.8.jar;D:\Java\apache-maven-3.6.2\repository\org\apache\hadoop\hadoop-mapreduce-client-app\2.7.3\hadoop-mapreduce-client-app-2.7.3.jar;D:\Java\apache-maven-3.6.2\repository\org\apache\hadoop\hadoop-mapreduce-client-common\2.7.3\hadoop-mapreduce-client-common-2.7.3.jar;D:\Java\apache-maven-3.6.2\repository\org\apache\hadoop\hadoop-yarn-client\2.7.3\hadoop-yarn-client-2.7.3.jar;D:\Java\apache-maven-3.6.2\repository\org\apache\hadoop\hadoop-yarn-server-common\2.7.3\hadoop-yarn-server-common-2.7.3.jar;D:\Java\apache-maven-3.6.2\repository\org\apache\hadoop\hadoop-mapreduce-client-shuffle\2.7.3\hadoop-mapreduce-client-shuffle-2.7.3.jar;D:\Java\apache-maven-3.6.2\repository\org\apache\hadoop\hadoop-yarn-api\2.7.3\hadoop-yarn-api-2.7.3.jar;D:\Java\apache-maven-3.6.2\repository\org\apache\hadoop\hadoop-mapreduce-client-core\2.7.3\hadoop-mapreduce-client-core-2.7.3.jar;D:\Java\apache-maven-3.6.2\repository\org\apache\hadoop\hadoop-yarn-common\2.7.3\hadoop-yarn-common-2.7.3.jar;D:\Java\apache-maven-3.6.2\repository\javax\xml\bind\jaxb-api\2.2.2\jaxb-api-2.2.2.jar;D:\Java\apache-maven-3.6.2\repository\javax\xml\stream\stax-api\1.0-2\stax-api-1.0-2.jar;D:\Java\apache-maven-3.6.2\repository\javax\activation\activation\1.1\activation-1.1.jar;D:\Java\apache-maven-3.6.2\repository\javax\servlet\servlet-api\2.5\servlet-api-2.5.jar;D:\Java\apache-maven-3.6.2\repository\com\sun\jersey\jersey-core\1.9\jersey-core-1.9.jar;D:\Java\apache-maven-3.6.2\repository\com\sun\jersey\jersey-client\1.9\jersey-client-1.9.jar;D:\Java\apache-maven-3.6.2\repository\org\codehaus\jackson\jackson-jaxrs\1.9.13\jackson-jaxrs-1.9.13.jar;D:\Java\apache-maven-3.6.2\repository\org\codehaus\jackson\jackson-xc\1.9.13\jackson-xc-1.9.13.jar;D:\Java\apache-maven-3.6.2\repository\org\apache\hadoop\hadoop-mapreduce-client-jobclient\2.7.3\hadoop-mapreduce-client-jobclient-2.7.3.jar;D:\Java\apache-maven-3.6.2\repository\org\apache\hadoop\hadoop-annotations\2.7.3\hadoop-annotations-2.7.3.jar;"/>
    <property name="sun.cpu.endian" value="little"/>
    <property name="user.home" value="C:\Users\sky"/>
    <property name="user.language" value="zh"/>
    <property name="java.specification.vendor" value="Oracle Corporation"/>
    <property name="java.home" value="D:\Java\jdk1.8.0_181\jre"/>
    <property name="basedir" value="E:\SoftWare\JetBrains\IntelliJ IDEA 2019.2.3\Projects\hdfs_api_lty"/>
    <property name="file.separator" value="\"/>
    <property name="line.separator" value="&#10;"/>
    <property name="java.vm.specification.vendor" value="Oracle Corporation"/>
    <property name="java.specification.name" value="Java Platform API Specification"/>
    <property name="java.awt.graphicsenv" value="sun.awt.Win32GraphicsEnvironment"/>
    <property name="surefire.real.class.path" value="C:\Users\sky\AppData\Local\Temp\surefire7552784225785818186\surefirebooter2810168619056100227.jar"/>
    <property name="sun.boot.class.path" value="D:\Java\jdk1.8.0_181\jre\lib\resources.jar;D:\Java\jdk1.8.0_181\jre\lib\rt.jar;D:\Java\jdk1.8.0_181\jre\lib\sunrsasign.jar;D:\Java\jdk1.8.0_181\jre\lib\jsse.jar;D:\Java\jdk1.8.0_181\jre\lib\jce.jar;D:\Java\jdk1.8.0_181\jre\lib\charsets.jar;D:\Java\jdk1.8.0_181\jre\lib\jfr.jar;D:\Java\jdk1.8.0_181\jre\classes"/>
    <property name="user.script" value=""/>
    <property name="sun.management.compiler" value="HotSpot 64-Bit Tiered Compilers"/>
    <property name="java.runtime.version" value="1.8.0_181-b13"/>
    <property name="user.name" value="sky"/>
    <property name="path.separator" value=";"/>
    <property name="os.version" value="10.0"/>
    <property name="java.endorsed.dirs" value="D:\Java\jdk1.8.0_181\jre\lib\endorsed"/>
    <property name="java.runtime.name" value="Java(TM) SE Runtime Environment"/>
    <property name="file.encoding" value="GBK"/>
    <property name="java.vm.name" value="Java HotSpot(TM) 64-Bit Server VM"/>
    <property name="localRepository" value="D:\Java\apache-maven-3.6.2\repository"/>
    <property name="java.vendor.url.bug" value="http://bugreport.sun.com/bugreport/"/>
    <property name="java.io.tmpdir" value="C:\Users\sky\AppData\Local\Temp\"/>
    <property name="java.version" value="1.8.0_181"/>
    <property name="user.dir" value="E:\SoftWare\JetBrains\IntelliJ IDEA 2019.2.3\Projects\hdfs_api_lty"/>
    <property name="os.arch" value="amd64"/>
    <property name="java.vm.specification.name" value="Java Virtual Machine Specification"/>
    <property name="java.awt.printerjob" value="sun.awt.windows.WPrinterJob"/>
    <property name="sun.os.patch.level" value=""/>
    <property name="java.library.path" value="D:\Java\jdk1.8.0_181\jre\bin;C:\WINDOWS\Sun\Java\bin;C:\WINDOWS\system32;C:\WINDOWS;D:\Xshell 6\;C:\Program Files (x86)\Common Files\Oracle\Java\javapath;C:\Windows\system32;C:\Windows;C:\Windows\System32\Wbem;C:\Windows\System32\WindowsPowerShell\v1.0\;C:\Windows\System32\OpenSSH\;C:\Program Files (x86)\NVIDIA Corporation\PhysX\Common;D:\mysql-5.6.42-winx64\bin;C:\Program Files\dotnet\;D:\Git\cmd;C:\Users\sky\AppData\Local\Programs\Python\Python36\Scripts\;C:\Users\sky\AppData\Local\Programs\Python\Python36\;C:\Users\sky\AppData\Local\Programs\Python\Launcher\;C:\Users\sky\AppData\Local\Microsoft\WindowsApps;D:\NDK\android-ndk-r17-windows-x86_64\android-ndk-r17;D:\Microsoft SQL Server2\100\Tools\Binn\;D:\Microsoft SQL Server\100\Tools\Binn\;D:\Microsoft SQL Server\100\DTS\Binn\;D:\Microsoft SQL Server2\100\Tools\Binn\VSShell\Common7\IDE\;D:\Microsoft SQL Server2\100\DTS\Binn\;C:\Program Files (x86)\Microsoft Visual Studio 9.0\Common7\IDE\PrivateAssemblies\;D:\apache-tomcat-7.0.93\bin;C:\Users\sky\AppData\Local\Android\Sdk\platform-tools;D:\Machine Learn\opencv\build\x64\vc15\bin;D:\实验室项目相关\乙烯\package\MATLAB\MATLAB Runtime\v90\runtime\win32;D:\Java\jdk1.8.0_181\bin;C:\Program Files\Microsoft SQL Server\130\Tools\Binn\;C:\WINDOWS\system32;C:\WINDOWS;C:\WINDOWS\System32\Wbem;C:\WINDOWS\System32\WindowsPowerShell\v1.0\;C:\WINDOWS\System32\OpenSSH\;E:\Django\pyweb\Scripts;D:\Qt\Qt5.10.0\Tools\mingw530_32\bin;D:\裂解炉管智能结焦诊断系统2\MATLAB\MATLAB Runtime\v90\runtime\win32;D:\Java\apache-maven-3.6.2\bin;C:\Users\sky\AppData\Local\Programs\Python\Python36\Scripts\;C:\Users\sky\AppData\Local\Programs\Python\Python36\;C:\Users\sky\AppData\Local\Programs\Python\Launcher\;C:\Users\sky\AppData\Local\Microsoft\WindowsApps;;E:\SoftWare\JetBrains\IntelliJ IDEA 2019.2.3\bin;;E:\SoftWare\JetBrains\CLion 2019.2.3\bin;;D:\DriverGenius;D:\DriverGenius\ksoft;."/>
    <property name="java.vm.info" value="mixed mode"/>
    <property name="java.vendor" value="Oracle Corporation"/>
    <property name="java.vm.version" value="25.181-b13"/>
    <property name="java.ext.dirs" value="D:\Java\jdk1.8.0_181\jre\lib\ext;C:\WINDOWS\Sun\Java\lib\ext"/>
    <property name="sun.io.unicode.encoding" value="UnicodeLittle"/>
    <property name="java.class.version" value="52.0"/>
  </properties>
  <testcase name="shouldAnswerWithTrue" classname="com.ch03.v17034460224.CreateHDFSFileTest" time="0.001"/>
</testsuite>